{"name": "test_login_expects2[chrome]", "status": "failed", "statusDetails": {"message": "AssertionError: assert not True", "trace": "self = <Framework.tests.test_LoginPage.TestLoginPage object at 0x107b1abf0>\n\n    @pytest.mark.regression\n    def test_login_expects2(self):\n        self.login = LoginPage(self.driver)\n        flag = self.login.expects()\n>       assert not flag                                                     #Intentional Failure\nE       assert not True\n\nFramework/tests/test_LoginPage.py:20: AssertionError"}, "parameters": [{"name": "init_driver", "value": "'chrome'"}], "start": 1657719676190, "stop": 1657719678340, "uuid": "d78613de-d6f9-4e06-ad06-1bd3f1c7868d", "historyId": "e1fcfb8c247f7d304943de92cfe5bdf0", "testCaseId": "e687f146ca7273348042525f4879a9e4", "fullName": "Framework.tests.test_LoginPage.TestLoginPage#test_login_expects2", "labels": [{"name": "tag", "value": "regression"}, {"name": "tag", "value": "@pytest.mark.usefixtures('init_driver')"}, {"name": "parentSuite", "value": "Framework.tests"}, {"name": "suite", "value": "test_LoginPage"}, {"name": "subSuite", "value": "TestLoginPage"}, {"name": "host", "value": "Slomos-MacBook-Pro.local"}, {"name": "thread", "value": "65243-MainThread"}, {"name": "framework", "value": "pytest"}, {"name": "language", "value": "cpython3"}, {"name": "package", "value": "Framework.tests.test_LoginPage"}]}