{"name": "test_login_expects[chrome]", "status": "failed", "statusDetails": {"message": "AssertionError: assert not True", "trace": "self = <Framework.tests.test_LoginPage.TestLoginPage object at 0x106533790>\n\n    @pytest.mark.regression\n    def test_login_expects(self):\n        self.login = LoginPage(self.driver)\n        flag = self.login.expects()\n>       assert not flag                                                     #Intentional Failure\nE       assert not True\n\nFramework/tests/test_LoginPage.py:20: AssertionError"}, "parameters": [{"name": "init_driver", "value": "'chrome'"}], "start": 1657676089291, "stop": 1657676090606, "uuid": "90e8317b-4718-4ffb-ae10-f914de49e059", "historyId": "e3b21da64efd46cd93eb9ad115a2d3e7", "testCaseId": "db2bca4ef45858e312c2757523870017", "fullName": "Framework.tests.test_LoginPage.TestLoginPage#test_login_expects", "labels": [{"name": "tag", "value": "regression"}, {"name": "tag", "value": "@pytest.mark.usefixtures('init_driver')"}, {"name": "parentSuite", "value": "Framework.tests"}, {"name": "suite", "value": "test_LoginPage"}, {"name": "subSuite", "value": "TestLoginPage"}, {"name": "host", "value": "Slomos-MacBook-Pro.local"}, {"name": "thread", "value": "63406-MainThread"}, {"name": "framework", "value": "pytest"}, {"name": "language", "value": "cpython3"}, {"name": "package", "value": "Framework.tests.test_LoginPage"}]}